Build started 16.05.2016 00:23:57.
     1>Project "C:\Users\Konrad\Documents\Repos\Andantino API\Andantino-API\Andantino-API.vcxproj" on node 2 (Rebuild target(s)).
     1>_PrepareForClean:
         Deleting file "Debug\Andantino-API.tlog\Andantino-API.lastbuildstate".
       InitializeBuildStatus:
         Creating "Debug\Andantino-API.tlog\unsuccessfulbuild" because "AlwaysCreate" was specified.
       ClCompile:
         C:\Program Files (x86)\Microsoft Visual Studio 14.0\VC\bin\CL.exe /c /I"C:\Users\Konrad\Documents\Repos\Andantino API\packages\cpprestsdk.v140.windesktop.msvcstl.dyn.rt-dyn.2.8.0\build\native\include" /ZI /nologo /W3 /WX- /Od /Oy- /D WIN32 /D _DEBUG /D _CONSOLE /D _UNICODE /D UNICODE /Gm /EHsc /RTC1 /MDd /GS /fp:precise /Zc:wchar_t /Zc:forScope /Zc:inline /Fo"Debug\\" /Fd"Debug\vc140.pdb" /Gd /TP /analyze- /errorReport:prompt /d2notypeopt "Andantino-API.cpp" stdafx.cpp
         stdafx.cpp
         Andantino-API.cpp
         Generating Code...
       Link:
         C:\Program Files (x86)\Microsoft Visual Studio 14.0\VC\bin\link.exe /ERRORREPORT:PROMPT /OUT:"C:\Users\Konrad\Documents\Repos\Andantino API\Debug\Andantino-API.exe" /INCREMENTAL /NOLOGO "C:\Users\Konrad\Documents\Repos\Andantino API\packages\cpprestsdk.v140.windesktop.msvcstl.dyn.rt-dyn.2.8.0\build\native\..\..\lib\native\v140\windesktop\msvcstl\dyn\rt-dyn\x86\Debug\cpprest140d_2_8.lib" kernel32.lib user32.lib gdi32.lib winspool.lib comdlg32.lib advapi32.lib shell32.lib ole32.lib oleaut32.lib uuid.lib odbc32.lib odbccp32.lib /MANIFEST /MANIFESTUAC:"level='asInvoker' uiAccess='false'" /manifest:embed /Debug /PDB:"C:\Users\Konrad\Documents\Repos\Andantino API\Debug\Andantino-API.pdb" /SUBSYSTEM:CONSOLE /TLBID:1 /DYNAMICBASE /NXCOMPAT /IMPLIB:"C:\Users\Konrad\Documents\Repos\Andantino API\Debug\Andantino-API.lib" /MACHINE:X86 "Debug\Andantino-API.obj"
         Debug\stdafx.obj
         Andantino-API.vcxproj -> C:\Users\Konrad\Documents\Repos\Andantino API\Debug\Andantino-API.exe
       FinalizeBuildStatus:
         Deleting file "Debug\Andantino-API.tlog\unsuccessfulbuild".
         Touching "Debug\Andantino-API.tlog\Andantino-API.lastbuildstate".
     1>Done Building Project "C:\Users\Konrad\Documents\Repos\Andantino API\Andantino-API\Andantino-API.vcxproj" (Rebuild target(s)).

Build succeeded.

Time Elapsed 00:00:08.08
