Build started 12.05.2016 22:19:53.
     1>Project "c:\Users\Konrad\documents\visual studio 2015\Projects\Andantino API\AndantinoApi\AndantinoApi.vcxproj" on node 2 (Build target(s)).
     1>InitializeBuildStatus:
         Touching "Debug\AndantinoApi.tlog\unsuccessfulbuild".
       ClCompile:
         C:\Program Files (x86)\Microsoft Visual Studio 14.0\VC\bin\CL.exe /c /ZI /nologo /W3 /WX- /Od /Oy- /D WIN32 /D _DEBUG /D _CONSOLE /D _UNICODE /D UNICODE /Gm /EHsc /RTC1 /MDd /GS /fp:precise /Zc:wchar_t /Zc:forScope /Zc:inline /Fo"Debug\\" /Fd"Debug\vc140.pdb" /Gd /TP /analyze- /errorReport:prompt AndantinoApi.cpp
         AndantinoApi.cpp
     1>c:\users\konrad\documents\visual studio 2015\projects\andantino api\andantinoapi\andantinoapi.cpp(344): warning C4996: 'scanf': This function or variable may be unsafe. Consider using scanf_s instead. To disable deprecation, use _CRT_SECURE_NO_WARNINGS. See online help for details.
         c:\program files (x86)\windows kits\10\include\10.0.10240.0\ucrt\stdio.h(1270): note: see declaration of 'scanf'
     1>c:\users\konrad\documents\visual studio 2015\projects\andantino api\andantinoapi\andantinoapi.cpp(135): warning C4715: 'checkRing': not all control paths return a value
       Link:
         C:\Program Files (x86)\Microsoft Visual Studio 14.0\VC\bin\link.exe /ERRORREPORT:PROMPT /OUT:"c:\users\konrad\documents\visual studio 2015\Projects\Andantino API\Debug\AndantinoApi.exe" /INCREMENTAL /NOLOGO kernel32.lib user32.lib gdi32.lib winspool.lib comdlg32.lib advapi32.lib shell32.lib ole32.lib oleaut32.lib uuid.lib odbc32.lib odbccp32.lib /MANIFEST /MANIFESTUAC:"level='asInvoker' uiAccess='false'" /manifest:embed /Debug /PDB:"c:\users\konrad\documents\visual studio 2015\Projects\Andantino API\Debug\AndantinoApi.pdb" /SUBSYSTEM:CONSOLE /TLBID:1 /DYNAMICBASE /NXCOMPAT /IMPLIB:"c:\users\konrad\documents\visual studio 2015\Projects\Andantino API\Debug\AndantinoApi.lib" /MACHINE:X86 Debug\AndantinoApi.obj
         Debug\stdafx.obj
         AndantinoApi.vcxproj -> c:\users\konrad\documents\visual studio 2015\Projects\Andantino API\Debug\AndantinoApi.exe
       FinalizeBuildStatus:
         Deleting file "Debug\AndantinoApi.tlog\unsuccessfulbuild".
         Touching "Debug\AndantinoApi.tlog\AndantinoApi.lastbuildstate".
     1>Done Building Project "c:\Users\Konrad\documents\visual studio 2015\Projects\Andantino API\AndantinoApi\AndantinoApi.vcxproj" (Build target(s)).

Build succeeded.

Time Elapsed 00:00:01.11
